<?xml version="1.0" encoding="UTF-8"?>
<!-- Generated by org.testng.reporters.JUnitReportReporter -->
<testsuite skipped="0" hostname="DESKTOP-QFMIKKG" name="com.Testcases.activity8" tests="1" failures="0" timestamp="2020-08-31T02:20:03 IST" time="7.375" errors="0">
  <testcase name="AccTableNameInformation" time="7.375" classname="com.Testcases.activity8"/>
  <system-out/>
</testsuite> <!-- com.Testcases.activity8 -->
