<?xml version="1.0" encoding="UTF-8"?>
<!-- Generated by org.testng.reporters.JUnitReportReporter -->
<testsuite skipped="0" hostname="DESKTOP-QFMIKKG" name="com.Testcases.activity9" tests="1" failures="0" timestamp="2020-08-31T02:20:03 IST" time="7.536" errors="0">
  <testcase name="NameUserInfoFromLeadTable" time="7.536" classname="com.Testcases.activity9"/>
  <system-out/>
</testsuite> <!-- com.Testcases.activity9 -->
