<?xml version="1.0" encoding="UTF-8"?>
<!-- Generated by org.testng.reporters.JUnitReportReporter -->
<testsuite skipped="0" hostname="DESKTOP-QFMIKKG" name="com.Testcases.activity3" tests="1" failures="0" timestamp="2020-08-31T02:20:03 IST" time="2.454" errors="0">
  <testcase name="validateFooterText" time="2.454" classname="com.Testcases.activity3"/>
  <system-out/>
</testsuite> <!-- com.Testcases.activity3 -->
