<?xml version="1.0" encoding="UTF-8"?>
<!-- Generated by org.testng.reporters.JUnitReportReporter -->
<testsuite skipped="0" hostname="DESKTOP-QFMIKKG" name="com.Testcases.activity1" tests="1" failures="0" timestamp="2020-08-31T02:20:03 IST" time="2.145" errors="0">
  <testcase name="validateTitle" time="2.145" classname="com.Testcases.activity1"/>
  <system-out/>
</testsuite> <!-- com.Testcases.activity1 -->
