<?xml version="1.0" encoding="UTF-8"?>
<!-- Generated by org.testng.reporters.JUnitReportReporter -->
<testsuite skipped="0" hostname="DESKTOP-QFMIKKG" name="com.Testcases.activity5" tests="1" failures="0" timestamp="2020-08-31T02:20:03 IST" time="8.625" errors="0">
  <testcase name="validateColorNavBar" time="8.625" classname="com.Testcases.activity5"/>
  <system-out/>
</testsuite> <!-- com.Testcases.activity5 -->
