<?xml version="1.0" encoding="UTF-8"?>
<!-- Generated by org.testng.reporters.JUnitReportReporter -->
<testsuite skipped="0" hostname="DESKTOP-QFMIKKG" name="com.Testcases.activity6" tests="1" failures="0" timestamp="2020-08-31T02:20:03 IST" time="4.250" errors="0">
  <testcase name="validateActivitiesdrpdown" time="4.250" classname="com.Testcases.activity6"/>
  <system-out/>
</testsuite> <!-- com.Testcases.activity6 -->
