<?xml version="1.0" encoding="UTF-8"?>
<!-- Generated by org.testng.reporters.JUnitReportReporter -->
<testsuite skipped="0" hostname="DESKTOP-QFMIKKG" name="com.Testcases.activity7" tests="1" failures="0" timestamp="2020-08-31T02:20:03 IST" time="30.308" errors="0">
  <testcase name="additionalinformation" time="30.308" classname="com.Testcases.activity7"/>
  <system-out/>
</testsuite> <!-- com.Testcases.activity7 -->
